This file contains any messages produced by compilers while
running configure, to aid debugging if configure makes a mistake.

It was created by rabbitmq-c configure 0.2.0, which was
generated by GNU Autoconf 2.69.  Invocation command line was

  $ configure --disable-tools --disable-docs --disable-dependency-tracking

## --------- ##
## Platform. ##
## --------- ##

hostname = unitron.local
uname -m = x86_64
uname -r = 13.0.0
uname -s = Darwin
uname -v = Darwin Kernel Version 13.0.0: Thu Sep 19 22:22:27 PDT 2013; root:xnu-2422.1.72~6/RELEASE_X86_64

/usr/bin/uname -p = i386
/bin/uname -X     = unknown

/bin/arch              = unknown
/usr/bin/arch -k       = unknown
/usr/convex/getsysinfo = unknown
/usr/bin/hostinfo      = Mach kernel version:
	 Darwin Kernel Version 13.0.0: Thu Sep 19 22:22:27 PDT 2013; root:xnu-2422.1.72~6/RELEASE_X86_64
Kernel configured for up to 8 processors.
4 processors are physically available.
8 processors are logically available.
Processor type: i486 (Intel 80486)
Processors active: 0 1 2 3 4 5 6 7
Primary memory available: 4.00 gigabytes
Default processor set: 227 tasks, 1302 threads, 8 processors
Load average: 1.86, Mach factor: 6.13
/bin/machine           = unknown
/usr/bin/oslevel       = unknown
/bin/universe          = unknown

PATH: /Users/asksol/.virtualenvs/def/bin
PATH: /Library/Frameworks/Python.framework/Versions/2.7/bin
PATH: /Library/Frameworks/Python.framework/Versions/2.7/bin
PATH: /opt/pypy/bin
PATH: /Library/Frameworks/Python.framework/Versions/3.3/bin
PATH: /Library/Frameworks/Python.framework/Versions/2.7/bin
PATH: /usr/local/opt/ruby/bin
PATH: /opt/jython/bin
PATH: /System/Library/Frameworks/Ruby.framework/Versions/1.8/usr/bin
PATH: /usr/local/bin
PATH: /usr/local/sbin
PATH: /opt/rabbitmq/sbin
PATH: /Library/Frameworks/Python.framework/Versions/Current/bin
PATH: /opt/pypy/bin
PATH: /opt/*/sbin
PATH: /usr/bin
PATH: /bin
PATH: /usr/sbin
PATH: /sbin
PATH: /opt/X11/bin
PATH: /usr/libexec


## ----------- ##
## Core tests. ##
## ----------- ##

configure:2281: checking for a BSD-compatible install
configure:2349: result: /usr/local/bin/ginstall -c
configure:2360: checking whether build environment is sane
configure:2415: result: yes
configure:2566: checking for a thread-safe mkdir -p
configure:2605: result: /usr/local/bin/gmkdir -p
configure:2612: checking for gawk
configure:2642: result: no
configure:2612: checking for mawk
configure:2642: result: no
configure:2612: checking for nawk
configure:2642: result: no
configure:2612: checking for awk
configure:2628: found /usr/bin/awk
configure:2639: result: awk
configure:2650: checking whether make sets $(MAKE)
configure:2672: result: yes
configure:2701: checking whether make supports nested variables
configure:2718: result: yes
configure:2854: checking whether make supports nested variables
configure:2871: result: yes
configure:2895: checking for style of include used by make
configure:2923: result: GNU
configure:2994: checking for gcc
configure:3010: found /usr/bin/gcc
configure:3021: result: gcc
configure:3250: checking for C compiler version
configure:3259: gcc --version >&5
Apple LLVM version 5.0 (clang-500.2.79) (based on LLVM 3.3svn)
Target: x86_64-apple-darwin13.0.0
Thread model: posix
Configured with: --prefix=/Applications/Xcode.app/Contents/Developer/usr --with-gxx-include-dir=/Applications/Xcode.app/Contents/Developer/Platforms/MacOSX.platform/Developer/SDKs/MacOSX10.9.sdk/usr/include/c++/4.2.1
configure:3270: $? = 0
configure:3259: gcc -v >&5
Configured with: --prefix=/Applications/Xcode.app/Contents/Developer/usr --with-gxx-include-dir=/Applications/Xcode.app/Contents/Developer/Platforms/MacOSX.platform/Developer/SDKs/MacOSX10.9.sdk/usr/include/c++/4.2.1
Apple LLVM version 5.0 (clang-500.2.79) (based on LLVM 3.3svn)
Target: x86_64-apple-darwin13.0.0
Thread model: posix
configure:3270: $? = 0
configure:3259: gcc -V >&5
clang: error: argument to '-V' is missing (expected 1 value)
clang: error: no input files
configure:3270: $? = 1
configure:3259: gcc -qversion >&5
clang: error: no input files
configure:3270: $? = 1
configure:3290: checking whether the C compiler works
configure:3312: gcc -L/usr/local/lib -I/usr/local/include -Os -sse3 -ssse3 -fno-strict-aliasing -fno-common -dynamic    -g -DNDEBUG -g -fwrapv -O3  -Wstrict-prototypes -arch i386 -arch x86_64  -L/usr/local/lib     -g -arch i386 -arch x86_64 conftest.c  >&5
clang: warning: argument unused during compilation: '-sse3'
clang: warning: argument unused during compilation: '-ssse3'
configure:3316: $? = 0
configure:3364: result: yes
configure:3367: checking for C compiler default output file name
configure:3369: result: a.out
configure:3375: checking for suffix of executables
configure:3382: gcc -o conftest -L/usr/local/lib -I/usr/local/include -Os -sse3 -ssse3 -fno-strict-aliasing -fno-common -dynamic    -g -DNDEBUG -g -fwrapv -O3  -Wstrict-prototypes -arch i386 -arch x86_64  -L/usr/local/lib     -g -arch i386 -arch x86_64 conftest.c  >&5
clang: warning: argument unused during compilation: '-sse3'
clang: warning: argument unused during compilation: '-ssse3'
configure:3386: $? = 0
configure:3408: result: 
configure:3430: checking whether we are cross compiling
configure:3438: gcc -o conftest -L/usr/local/lib -I/usr/local/include -Os -sse3 -ssse3 -fno-strict-aliasing -fno-common -dynamic    -g -DNDEBUG -g -fwrapv -O3  -Wstrict-prototypes -arch i386 -arch x86_64  -L/usr/local/lib     -g -arch i386 -arch x86_64 conftest.c  >&5
clang: warning: argument unused during compilation: '-sse3'
clang: warning: argument unused during compilation: '-ssse3'
configure:3442: $? = 0
configure:3449: ./conftest
configure:3453: $? = 0
configure:3468: result: no
configure:3473: checking for suffix of object files
configure:3495: gcc -c -L/usr/local/lib -I/usr/local/include -Os -sse3 -ssse3 -fno-strict-aliasing -fno-common -dynamic    -g -DNDEBUG -g -fwrapv -O3  -Wstrict-prototypes -arch i386 -arch x86_64  conftest.c >&5
clang: warning: argument unused during compilation: '-L/usr/local/lib'
clang: warning: argument unused during compilation: '-sse3'
clang: warning: argument unused during compilation: '-ssse3'
configure:3499: $? = 0
configure:3520: result: o
configure:3524: checking whether we are using the GNU C compiler
configure:3543: gcc -c -L/usr/local/lib -I/usr/local/include -Os -sse3 -ssse3 -fno-strict-aliasing -fno-common -dynamic    -g -DNDEBUG -g -fwrapv -O3  -Wstrict-prototypes -arch i386 -arch x86_64  conftest.c >&5
clang: warning: argument unused during compilation: '-L/usr/local/lib'
clang: warning: argument unused during compilation: '-sse3'
clang: warning: argument unused during compilation: '-ssse3'
configure:3543: $? = 0
configure:3552: result: yes
configure:3561: checking whether gcc accepts -g
configure:3581: gcc -c -g  conftest.c >&5
configure:3581: $? = 0
configure:3622: result: yes
configure:3639: checking for gcc option to accept ISO C89
configure:3702: gcc  -c -L/usr/local/lib -I/usr/local/include -Os -sse3 -ssse3 -fno-strict-aliasing -fno-common -dynamic    -g -DNDEBUG -g -fwrapv -O3  -Wstrict-prototypes -arch i386 -arch x86_64  conftest.c >&5
clang: warning: argument unused during compilation: '-L/usr/local/lib'
clang: warning: argument unused during compilation: '-sse3'
clang: warning: argument unused during compilation: '-ssse3'
configure:3702: $? = 0
configure:3715: result: none needed
configure:3740: checking whether gcc understands -c and -o together
configure:3762: gcc -c conftest.c -o conftest2.o
configure:3765: $? = 0
configure:3762: gcc -c conftest.c -o conftest2.o
configure:3765: $? = 0
configure:3777: result: yes
configure:3796: checking dependency style of gcc
configure:3907: result: none
configure:3928: checking how to run the C preprocessor
configure:3959: gcc -E  conftest.c
configure:3959: $? = 0
configure:3973: gcc -E  conftest.c
conftest.c:11:10: fatal error: 'ac_nonexistent.h' file not found
#include <ac_nonexistent.h>
         ^
1 error generated.
configure:3973: $? = 1
configure: failed program was:
| /* confdefs.h */
| #define PACKAGE_NAME "rabbitmq-c"
| #define PACKAGE_TARNAME "librabbitmq"
| #define PACKAGE_VERSION "0.2.0"
| #define PACKAGE_STRING "rabbitmq-c 0.2.0"
| #define PACKAGE_BUGREPORT "https://github.com/alanxz/rabbitmq-c/issues"
| #define PACKAGE_URL "http://www.rabbitmq.com/"
| #define PACKAGE "librabbitmq"
| #define VERSION "0.2.0"
| /* end confdefs.h.  */
| #include <ac_nonexistent.h>
configure:3998: result: gcc -E
configure:4018: gcc -E  conftest.c
configure:4018: $? = 0
configure:4032: gcc -E  conftest.c
conftest.c:11:10: fatal error: 'ac_nonexistent.h' file not found
#include <ac_nonexistent.h>
         ^
1 error generated.
configure:4032: $? = 1
configure: failed program was:
| /* confdefs.h */
| #define PACKAGE_NAME "rabbitmq-c"
| #define PACKAGE_TARNAME "librabbitmq"
| #define PACKAGE_VERSION "0.2.0"
| #define PACKAGE_STRING "rabbitmq-c 0.2.0"
| #define PACKAGE_BUGREPORT "https://github.com/alanxz/rabbitmq-c/issues"
| #define PACKAGE_URL "http://www.rabbitmq.com/"
| #define PACKAGE "librabbitmq"
| #define VERSION "0.2.0"
| /* end confdefs.h.  */
| #include <ac_nonexistent.h>
configure:4061: checking for grep that handles long lines and -e
configure:4119: result: /usr/bin/grep
configure:4124: checking for egrep
configure:4186: result: /usr/bin/grep -E
configure:4191: checking for ANSI C header files
configure:4211: gcc -c -L/usr/local/lib -I/usr/local/include -Os -sse3 -ssse3 -fno-strict-aliasing -fno-common -dynamic    -g -DNDEBUG -g -fwrapv -O3  -Wstrict-prototypes -arch i386 -arch x86_64  conftest.c >&5
clang: warning: argument unused during compilation: '-L/usr/local/lib'
clang: warning: argument unused during compilation: '-sse3'
clang: warning: argument unused during compilation: '-ssse3'
configure:4211: $? = 0
configure:4284: gcc -o conftest -L/usr/local/lib -I/usr/local/include -Os -sse3 -ssse3 -fno-strict-aliasing -fno-common -dynamic    -g -DNDEBUG -g -fwrapv -O3  -Wstrict-prototypes -arch i386 -arch x86_64  -L/usr/local/lib     -g -arch i386 -arch x86_64 conftest.c  >&5
clang: warning: argument unused during compilation: '-sse3'
clang: warning: argument unused during compilation: '-ssse3'
configure:4284: $? = 0
configure:4284: ./conftest
configure:4284: $? = 0
configure:4295: result: yes
configure:4308: checking for sys/types.h
configure:4308: gcc -c -L/usr/local/lib -I/usr/local/include -Os -sse3 -ssse3 -fno-strict-aliasing -fno-common -dynamic    -g -DNDEBUG -g -fwrapv -O3  -Wstrict-prototypes -arch i386 -arch x86_64  conftest.c >&5
clang: warning: argument unused during compilation: '-L/usr/local/lib'
clang: warning: argument unused during compilation: '-sse3'
clang: warning: argument unused during compilation: '-ssse3'
configure:4308: $? = 0
configure:4308: result: yes
configure:4308: checking for sys/stat.h
configure:4308: gcc -c -L/usr/local/lib -I/usr/local/include -Os -sse3 -ssse3 -fno-strict-aliasing -fno-common -dynamic    -g -DNDEBUG -g -fwrapv -O3  -Wstrict-prototypes -arch i386 -arch x86_64  conftest.c >&5
clang: warning: argument unused during compilation: '-L/usr/local/lib'
clang: warning: argument unused during compilation: '-sse3'
clang: warning: argument unused during compilation: '-ssse3'
configure:4308: $? = 0
configure:4308: result: yes
configure:4308: checking for stdlib.h
configure:4308: gcc -c -L/usr/local/lib -I/usr/local/include -Os -sse3 -ssse3 -fno-strict-aliasing -fno-common -dynamic    -g -DNDEBUG -g -fwrapv -O3  -Wstrict-prototypes -arch i386 -arch x86_64  conftest.c >&5
clang: warning: argument unused during compilation: '-L/usr/local/lib'
clang: warning: argument unused during compilation: '-sse3'
clang: warning: argument unused during compilation: '-ssse3'
configure:4308: $? = 0
configure:4308: result: yes
configure:4308: checking for string.h
configure:4308: gcc -c -L/usr/local/lib -I/usr/local/include -Os -sse3 -ssse3 -fno-strict-aliasing -fno-common -dynamic    -g -DNDEBUG -g -fwrapv -O3  -Wstrict-prototypes -arch i386 -arch x86_64  conftest.c >&5
clang: warning: argument unused during compilation: '-L/usr/local/lib'
clang: warning: argument unused during compilation: '-sse3'
clang: warning: argument unused during compilation: '-ssse3'
configure:4308: $? = 0
configure:4308: result: yes
configure:4308: checking for memory.h
configure:4308: gcc -c -L/usr/local/lib -I/usr/local/include -Os -sse3 -ssse3 -fno-strict-aliasing -fno-common -dynamic    -g -DNDEBUG -g -fwrapv -O3  -Wstrict-prototypes -arch i386 -arch x86_64  conftest.c >&5
clang: warning: argument unused during compilation: '-L/usr/local/lib'
clang: warning: argument unused during compilation: '-sse3'
clang: warning: argument unused during compilation: '-ssse3'
configure:4308: $? = 0
configure:4308: result: yes
configure:4308: checking for strings.h
configure:4308: gcc -c -L/usr/local/lib -I/usr/local/include -Os -sse3 -ssse3 -fno-strict-aliasing -fno-common -dynamic    -g -DNDEBUG -g -fwrapv -O3  -Wstrict-prototypes -arch i386 -arch x86_64  conftest.c >&5
clang: warning: argument unused during compilation: '-L/usr/local/lib'
clang: warning: argument unused during compilation: '-sse3'
clang: warning: argument unused during compilation: '-ssse3'
configure:4308: $? = 0
configure:4308: result: yes
configure:4308: checking for inttypes.h
configure:4308: gcc -c -L/usr/local/lib -I/usr/local/include -Os -sse3 -ssse3 -fno-strict-aliasing -fno-common -dynamic    -g -DNDEBUG -g -fwrapv -O3  -Wstrict-prototypes -arch i386 -arch x86_64  conftest.c >&5
clang: warning: argument unused during compilation: '-L/usr/local/lib'
clang: warning: argument unused during compilation: '-sse3'
clang: warning: argument unused during compilation: '-ssse3'
configure:4308: $? = 0
configure:4308: result: yes
configure:4308: checking for stdint.h
configure:4308: gcc -c -L/usr/local/lib -I/usr/local/include -Os -sse3 -ssse3 -fno-strict-aliasing -fno-common -dynamic    -g -DNDEBUG -g -fwrapv -O3  -Wstrict-prototypes -arch i386 -arch x86_64  conftest.c >&5
clang: warning: argument unused during compilation: '-L/usr/local/lib'
clang: warning: argument unused during compilation: '-sse3'
clang: warning: argument unused during compilation: '-ssse3'
configure:4308: $? = 0
configure:4308: result: yes
configure:4308: checking for unistd.h
configure:4308: gcc -c -L/usr/local/lib -I/usr/local/include -Os -sse3 -ssse3 -fno-strict-aliasing -fno-common -dynamic    -g -DNDEBUG -g -fwrapv -O3  -Wstrict-prototypes -arch i386 -arch x86_64  conftest.c >&5
clang: warning: argument unused during compilation: '-L/usr/local/lib'
clang: warning: argument unused during compilation: '-sse3'
clang: warning: argument unused during compilation: '-ssse3'
configure:4308: $? = 0
configure:4308: result: yes
configure:4321: checking minix/config.h usability
configure:4321: gcc -c -L/usr/local/lib -I/usr/local/include -Os -sse3 -ssse3 -fno-strict-aliasing -fno-common -dynamic    -g -DNDEBUG -g -fwrapv -O3  -Wstrict-prototypes -arch i386 -arch x86_64  conftest.c >&5
clang: warning: argument unused during compilation: '-L/usr/local/lib'
clang: warning: argument unused during compilation: '-sse3'
clang: warning: argument unused during compilation: '-ssse3'
conftest.c:54:10: fatal error: 'minix/config.h' file not found
#include <minix/config.h>
         ^
1 error generated.
configure:4321: $? = 1
configure: failed program was:
| /* confdefs.h */
| #define PACKAGE_NAME "rabbitmq-c"
| #define PACKAGE_TARNAME "librabbitmq"
| #define PACKAGE_VERSION "0.2.0"
| #define PACKAGE_STRING "rabbitmq-c 0.2.0"
| #define PACKAGE_BUGREPORT "https://github.com/alanxz/rabbitmq-c/issues"
| #define PACKAGE_URL "http://www.rabbitmq.com/"
| #define PACKAGE "librabbitmq"
| #define VERSION "0.2.0"
| #define STDC_HEADERS 1
| #define HAVE_SYS_TYPES_H 1
| #define HAVE_SYS_STAT_H 1
| #define HAVE_STDLIB_H 1
| #define HAVE_STRING_H 1
| #define HAVE_MEMORY_H 1
| #define HAVE_STRINGS_H 1
| #define HAVE_INTTYPES_H 1
| #define HAVE_STDINT_H 1
| #define HAVE_UNISTD_H 1
| /* end confdefs.h.  */
| #include <stdio.h>
| #ifdef HAVE_SYS_TYPES_H
| # include <sys/types.h>
| #endif
| #ifdef HAVE_SYS_STAT_H
| # include <sys/stat.h>
| #endif
| #ifdef STDC_HEADERS
| # include <stdlib.h>
| # include <stddef.h>
| #else
| # ifdef HAVE_STDLIB_H
| #  include <stdlib.h>
| # endif
| #endif
| #ifdef HAVE_STRING_H
| # if !defined STDC_HEADERS && defined HAVE_MEMORY_H
| #  include <memory.h>
| # endif
| # include <string.h>
| #endif
| #ifdef HAVE_STRINGS_H
| # include <strings.h>
| #endif
| #ifdef HAVE_INTTYPES_H
| # include <inttypes.h>
| #endif
| #ifdef HAVE_STDINT_H
| # include <stdint.h>
| #endif
| #ifdef HAVE_UNISTD_H
| # include <unistd.h>
| #endif
| #include <minix/config.h>
configure:4321: result: no
configure:4321: checking minix/config.h presence
configure:4321: gcc -E  conftest.c
conftest.c:21:10: fatal error: 'minix/config.h' file not found
#include <minix/config.h>
         ^
1 error generated.
configure:4321: $? = 1
configure: failed program was:
| /* confdefs.h */
| #define PACKAGE_NAME "rabbitmq-c"
| #define PACKAGE_TARNAME "librabbitmq"
| #define PACKAGE_VERSION "0.2.0"
| #define PACKAGE_STRING "rabbitmq-c 0.2.0"
| #define PACKAGE_BUGREPORT "https://github.com/alanxz/rabbitmq-c/issues"
| #define PACKAGE_URL "http://www.rabbitmq.com/"
| #define PACKAGE "librabbitmq"
| #define VERSION "0.2.0"
| #define STDC_HEADERS 1
| #define HAVE_SYS_TYPES_H 1
| #define HAVE_SYS_STAT_H 1
| #define HAVE_STDLIB_H 1
| #define HAVE_STRING_H 1
| #define HAVE_MEMORY_H 1
| #define HAVE_STRINGS_H 1
| #define HAVE_INTTYPES_H 1
| #define HAVE_STDINT_H 1
| #define HAVE_UNISTD_H 1
| /* end confdefs.h.  */
| #include <minix/config.h>
configure:4321: result: no
configure:4321: checking for minix/config.h
configure:4321: result: no
configure:4342: checking whether it is safe to define __EXTENSIONS__
configure:4360: gcc -c -L/usr/local/lib -I/usr/local/include -Os -sse3 -ssse3 -fno-strict-aliasing -fno-common -dynamic    -g -DNDEBUG -g -fwrapv -O3  -Wstrict-prototypes -arch i386 -arch x86_64  conftest.c >&5
clang: warning: argument unused during compilation: '-L/usr/local/lib'
clang: warning: argument unused during compilation: '-sse3'
clang: warning: argument unused during compilation: '-ssse3'
configure:4360: $? = 0
configure:4367: result: yes
configure:4414: checking build system type
configure:4428: result: x86_64-apple-darwin13.0.0
configure:4448: checking host system type
configure:4461: result: x86_64-apple-darwin13.0.0
configure:4502: checking how to print strings
configure:4529: result: printf
configure:4550: checking for a sed that does not truncate output
configure:4614: result: /usr/bin/sed
configure:4632: checking for fgrep
configure:4694: result: /usr/bin/grep -F
configure:4729: checking for ld used by gcc
configure:4796: result: /Applications/Xcode.app/Contents/Developer/Toolchains/XcodeDefault.xctoolchain/usr/bin/ld
configure:4803: checking if the linker (/Applications/Xcode.app/Contents/Developer/Toolchains/XcodeDefault.xctoolchain/usr/bin/ld) is GNU ld
configure:4818: result: no
configure:4830: checking for BSD- or MS-compatible name lister (nm)
configure:4879: result: /usr/bin/nm
configure:5009: checking the name lister (/usr/bin/nm) interface
configure:5016: gcc -c -L/usr/local/lib -I/usr/local/include -Os -sse3 -ssse3 -fno-strict-aliasing -fno-common -dynamic    -g -DNDEBUG -g -fwrapv -O3  -Wstrict-prototypes -arch i386 -arch x86_64  conftest.c >&5
clang: warning: argument unused during compilation: '-L/usr/local/lib'
clang: warning: argument unused during compilation: '-sse3'
clang: warning: argument unused during compilation: '-ssse3'
configure:5019: /usr/bin/nm "conftest.o"
configure:5022: output
0000000000000204 S _some_variable
configure:5029: result: BSD nm
configure:5032: checking whether ln -s works
configure:5036: result: yes
configure:5044: checking the maximum length of command line arguments
configure:5174: result: 196608
configure:5191: checking whether the shell understands some XSI constructs
configure:5201: result: yes
configure:5205: checking whether the shell understands "+="
configure:5211: result: yes
configure:5246: checking how to convert x86_64-apple-darwin13.0.0 file names to x86_64-apple-darwin13.0.0 format
configure:5286: result: func_convert_file_noop
configure:5293: checking how to convert x86_64-apple-darwin13.0.0 file names to toolchain format
configure:5313: result: func_convert_file_noop
configure:5320: checking for /Applications/Xcode.app/Contents/Developer/Toolchains/XcodeDefault.xctoolchain/usr/bin/ld option to reload object files
configure:5327: result: -r
configure:5401: checking for objdump
configure:5431: result: no
configure:5457: checking how to recognize dependent libraries
configure:5659: result: pass_all
configure:5744: checking for dlltool
configure:5774: result: no
configure:5801: checking how to associate runtime and link libraries
configure:5828: result: printf %s\n
configure:5888: checking for ar
configure:5904: found /usr/bin/ar
configure:5915: result: ar
configure:5952: checking for archiver @FILE support
configure:5969: gcc -c -L/usr/local/lib -I/usr/local/include -Os -sse3 -ssse3 -fno-strict-aliasing -fno-common -dynamic    -g -DNDEBUG -g -fwrapv -O3  -Wstrict-prototypes -arch i386 -arch x86_64  conftest.c >&5
clang: warning: argument unused during compilation: '-L/usr/local/lib'
clang: warning: argument unused during compilation: '-sse3'
clang: warning: argument unused during compilation: '-ssse3'
configure:5969: $? = 0
configure:5972: ar cru libconftest.a @conftest.lst >&5
ar: @conftest.lst: No such file or directory
configure:5975: $? = 1
configure:5995: result: no
configure:6053: checking for strip
configure:6069: found /usr/bin/strip
configure:6080: result: strip
configure:6152: checking for ranlib
configure:6168: found /usr/bin/ranlib
configure:6179: result: ranlib
configure:6281: checking command to parse /usr/bin/nm output from gcc object
configure:6401: gcc -c -L/usr/local/lib -I/usr/local/include -Os -sse3 -ssse3 -fno-strict-aliasing -fno-common -dynamic    -g -DNDEBUG -g -fwrapv -O3  -Wstrict-prototypes -arch i386 -arch x86_64  conftest.c >&5
clang: warning: argument unused during compilation: '-L/usr/local/lib'
clang: warning: argument unused during compilation: '-sse3'
clang: warning: argument unused during compilation: '-ssse3'
configure:6404: $? = 0
configure:6408: /usr/bin/nm conftest.o \| sed -n -e 's/^.*[ ]\([BCDEGRST][BCDEGRST]*\)[ ][ ]*\([_A-Za-z][_A-Za-z0-9]*\)$/\1 \2 \2/p' | sed '/ __gnu_lto/d' \> conftest.nm
configure:6411: $? = 0
cannot find nm_test_var in conftest.nm
configure:6401: gcc -c -L/usr/local/lib -I/usr/local/include -Os -sse3 -ssse3 -fno-strict-aliasing -fno-common -dynamic    -g -DNDEBUG -g -fwrapv -O3  -Wstrict-prototypes -arch i386 -arch x86_64  conftest.c >&5
clang: warning: argument unused during compilation: '-L/usr/local/lib'
clang: warning: argument unused during compilation: '-sse3'
clang: warning: argument unused during compilation: '-ssse3'
configure:6404: $? = 0
configure:6408: /usr/bin/nm conftest.o \| sed -n -e 's/^.*[ ]\([BCDEGRST][BCDEGRST]*\)[ ][ ]*_\([_A-Za-z][_A-Za-z0-9]*\)$/\1 _\2 \2/p' | sed '/ __gnu_lto/d' \> conftest.nm
configure:6411: $? = 0
configure:6477: gcc -o conftest -L/usr/local/lib -I/usr/local/include -Os -sse3 -ssse3 -fno-strict-aliasing -fno-common -dynamic    -g -DNDEBUG -g -fwrapv -O3  -Wstrict-prototypes -arch i386 -arch x86_64  -L/usr/local/lib     -g -arch i386 -arch x86_64 conftest.c conftstm.o >&5
clang: warning: argument unused during compilation: '-sse3'
clang: warning: argument unused during compilation: '-ssse3'
configure:6480: $? = 0
configure:6518: result: ok
configure:6555: checking for sysroot
configure:6585: result: no
configure:6841: checking for mt
configure:6871: result: no
configure:6891: checking if : is a manifest tool
configure:6897: : '-?'
configure:6905: result: no
configure:6961: checking for dsymutil
configure:6977: found /usr/bin/dsymutil
configure:6988: result: dsymutil
configure:7053: checking for nmedit
configure:7069: found /usr/bin/nmedit
configure:7080: result: nmedit
configure:7145: checking for lipo
configure:7161: found /usr/bin/lipo
configure:7172: result: lipo
configure:7237: checking for otool
configure:7253: found /usr/bin/otool
configure:7264: result: otool
configure:7329: checking for otool64
configure:7359: result: no
configure:7404: checking for -single_module linker flag
gcc -L/usr/local/lib -I/usr/local/include -Os -sse3 -ssse3 -fno-strict-aliasing -fno-common -dynamic    -g -DNDEBUG -g -fwrapv -O3  -Wstrict-prototypes -arch i386 -arch x86_64 -L/usr/local/lib     -g -arch i386 -arch x86_64 -o libconftest.dylib -dynamiclib -Wl,-single_module conftest.c
configure:7437: result: yes
configure:7440: checking for -exported_symbols_list linker flag
configure:7460: gcc -o conftest -L/usr/local/lib -I/usr/local/include -Os -sse3 -ssse3 -fno-strict-aliasing -fno-common -dynamic    -g -DNDEBUG -g -fwrapv -O3  -Wstrict-prototypes -arch i386 -arch x86_64  -L/usr/local/lib     -g -arch i386 -arch x86_64 -Wl,-exported_symbols_list,conftest.sym conftest.c  >&5
clang: warning: argument unused during compilation: '-sse3'
clang: warning: argument unused during compilation: '-ssse3'
configure:7460: $? = 0
configure:7470: result: yes
configure:7473: checking for -force_load linker flag
gcc -L/usr/local/lib -I/usr/local/include -Os -sse3 -ssse3 -fno-strict-aliasing -fno-common -dynamic    -g -DNDEBUG -g -fwrapv -O3  -Wstrict-prototypes -arch i386 -arch x86_64 -c -o conftest.o conftest.c
clang: warning: argument unused during compilation: '-L/usr/local/lib'
clang: warning: argument unused during compilation: '-sse3'
clang: warning: argument unused during compilation: '-ssse3'
ar cru libconftest.a conftest.o
ranlib libconftest.a
gcc -L/usr/local/lib -I/usr/local/include -Os -sse3 -ssse3 -fno-strict-aliasing -fno-common -dynamic    -g -DNDEBUG -g -fwrapv -O3  -Wstrict-prototypes -arch i386 -arch x86_64 -L/usr/local/lib     -g -arch i386 -arch x86_64 -o conftest conftest.c -Wl,-force_load,./libconftest.a
configure:7505: result: yes
configure:7544: checking for dlfcn.h
configure:7544: gcc -c -L/usr/local/lib -I/usr/local/include -Os -sse3 -ssse3 -fno-strict-aliasing -fno-common -dynamic    -g -DNDEBUG -g -fwrapv -O3  -Wstrict-prototypes -arch i386 -arch x86_64  conftest.c >&5
clang: warning: argument unused during compilation: '-L/usr/local/lib'
clang: warning: argument unused during compilation: '-sse3'
clang: warning: argument unused during compilation: '-ssse3'
configure:7544: $? = 0
configure:7544: result: yes
configure:8047: checking for objdir
configure:8062: result: .libs
configure:8333: checking if gcc supports -fno-rtti -fno-exceptions
configure:8351: gcc -c -L/usr/local/lib -I/usr/local/include -Os -sse3 -ssse3 -fno-strict-aliasing -fno-common -dynamic    -g -DNDEBUG -g -fwrapv -O3  -Wstrict-prototypes -arch i386 -arch x86_64  -fno-rtti -fno-exceptions conftest.c >&5
clang: warning: argument unused during compilation: '-L/usr/local/lib'
clang: warning: argument unused during compilation: '-sse3'
clang: warning: argument unused during compilation: '-ssse3'
configure:8355: $? = 0
configure:8368: result: yes
configure:8695: checking for gcc option to produce PIC
configure:8702: result: -fno-common -DPIC
configure:8710: checking if gcc PIC flag -fno-common -DPIC works
configure:8728: gcc -c -L/usr/local/lib -I/usr/local/include -Os -sse3 -ssse3 -fno-strict-aliasing -fno-common -dynamic    -g -DNDEBUG -g -fwrapv -O3  -Wstrict-prototypes -arch i386 -arch x86_64  -fno-common -DPIC -DPIC conftest.c >&5
clang: warning: argument unused during compilation: '-L/usr/local/lib'
clang: warning: argument unused during compilation: '-sse3'
clang: warning: argument unused during compilation: '-ssse3'
configure:8732: $? = 0
configure:8745: result: yes
configure:8774: checking if gcc static flag -static works
configure:8802: result: no
configure:8817: checking if gcc supports -c -o file.o
configure:8838: gcc -c -L/usr/local/lib -I/usr/local/include -Os -sse3 -ssse3 -fno-strict-aliasing -fno-common -dynamic    -g -DNDEBUG -g -fwrapv -O3  -Wstrict-prototypes -arch i386 -arch x86_64  -o out/conftest2.o conftest.c >&5
clang: warning: argument unused during compilation: '-L/usr/local/lib'
clang: warning: argument unused during compilation: '-sse3'
clang: warning: argument unused during compilation: '-ssse3'
configure:8842: $? = 0
configure:8864: result: yes
configure:8872: checking if gcc supports -c -o file.o
configure:8919: result: yes
configure:8952: checking whether the gcc linker (/Applications/Xcode.app/Contents/Developer/Toolchains/XcodeDefault.xctoolchain/usr/bin/ld) supports shared libraries
configure:10105: result: yes
configure:10345: checking dynamic linker characteristics
configure:11078: result: darwin13.0.0 dyld
configure:11185: checking how to hardcode library paths into programs
configure:11210: result: immediate
configure:11750: checking whether stripping libraries is possible
configure:11764: result: yes
configure:11790: checking if libtool supports shared libraries
configure:11792: result: yes
configure:11795: checking whether to build shared libraries
configure:11816: result: yes
configure:11819: checking whether to build static libraries
configure:11823: result: no
configure:11862: checking for gcc option to accept ISO C99
configure:12011: gcc  -c -L/usr/local/lib -I/usr/local/include -Os -sse3 -ssse3 -fno-strict-aliasing -fno-common -dynamic    -g -DNDEBUG -g -fwrapv -O3  -Wstrict-prototypes -arch i386 -arch x86_64  conftest.c >&5
clang: warning: argument unused during compilation: '-L/usr/local/lib'
clang: warning: argument unused during compilation: '-sse3'
clang: warning: argument unused during compilation: '-ssse3'
configure:12011: $? = 0
configure:12024: result: none needed
configure:12042: checking whether byte ordering is bigendian
configure:12057: gcc -c -L/usr/local/lib -I/usr/local/include -Os -sse3 -ssse3 -fno-strict-aliasing -fno-common -dynamic    -g -DNDEBUG -g -fwrapv -O3  -Wstrict-prototypes -arch i386 -arch x86_64  conftest.c >&5
clang: warning: argument unused during compilation: '-L/usr/local/lib'
clang: warning: argument unused during compilation: '-sse3'
clang: warning: argument unused during compilation: '-ssse3'
configure:12057: $? = 0
configure:12248: result: universal
configure:12266: checking for inline
configure:12282: gcc -c -L/usr/local/lib -I/usr/local/include -Os -sse3 -ssse3 -fno-strict-aliasing -fno-common -dynamic    -g -DNDEBUG -g -fwrapv -O3  -Wstrict-prototypes -arch i386 -arch x86_64  conftest.c >&5
clang: warning: argument unused during compilation: '-L/usr/local/lib'
clang: warning: argument unused during compilation: '-sse3'
clang: warning: argument unused during compilation: '-ssse3'
configure:12282: $? = 0
configure:12290: result: inline
configure:12313: checking if compiler accepts '-Wall'
configure:12326: gcc -c -Wall -L/usr/local/lib -I/usr/local/include -Os -sse3 -ssse3 -fno-strict-aliasing -fno-common -dynamic    -g -DNDEBUG -g -fwrapv -O3  -Wstrict-prototypes -arch i386 -arch x86_64  conftest.c >&5
clang: warning: argument unused during compilation: '-L/usr/local/lib'
clang: warning: argument unused during compilation: '-sse3'
clang: warning: argument unused during compilation: '-ssse3'
configure:12326: $? = 0
configure:12327: result: yes
configure:12350: checking if compiler accepts '-Wextra'
configure:12363: gcc -c -Wextra -L/usr/local/lib -I/usr/local/include -Os -sse3 -ssse3 -fno-strict-aliasing -fno-common -dynamic    -g -DNDEBUG -g -fwrapv -O3  -Wstrict-prototypes -arch i386 -arch x86_64 -Wall  conftest.c >&5
clang: warning: argument unused during compilation: '-L/usr/local/lib'
clang: warning: argument unused during compilation: '-sse3'
clang: warning: argument unused during compilation: '-ssse3'
configure:12363: $? = 0
configure:12364: result: yes
configure:12387: checking if compiler accepts '-pedantic'
configure:12400: gcc -c -pedantic -L/usr/local/lib -I/usr/local/include -Os -sse3 -ssse3 -fno-strict-aliasing -fno-common -dynamic    -g -DNDEBUG -g -fwrapv -O3  -Wstrict-prototypes -arch i386 -arch x86_64 -Wall -Wextra  conftest.c >&5
clang: warning: argument unused during compilation: '-L/usr/local/lib'
clang: warning: argument unused during compilation: '-sse3'
clang: warning: argument unused during compilation: '-ssse3'
configure:12400: $? = 0
configure:12401: result: yes
configure:12424: checking if compiler accepts '-Wstrict-prototypes'
configure:12437: gcc -c -Wstrict-prototypes -L/usr/local/lib -I/usr/local/include -Os -sse3 -ssse3 -fno-strict-aliasing -fno-common -dynamic    -g -DNDEBUG -g -fwrapv -O3  -Wstrict-prototypes -arch i386 -arch x86_64 -Wall -Wextra -pedantic  conftest.c >&5
clang: warning: argument unused during compilation: '-L/usr/local/lib'
clang: warning: argument unused during compilation: '-sse3'
clang: warning: argument unused during compilation: '-ssse3'
configure:12437: $? = 0
configure:12438: result: yes
configure:12461: checking if compiler accepts '-Wcast-align'
configure:12474: gcc -c -Wcast-align -L/usr/local/lib -I/usr/local/include -Os -sse3 -ssse3 -fno-strict-aliasing -fno-common -dynamic    -g -DNDEBUG -g -fwrapv -O3  -Wstrict-prototypes -arch i386 -arch x86_64 -Wall -Wextra -pedantic  conftest.c >&5
clang: warning: argument unused during compilation: '-L/usr/local/lib'
clang: warning: argument unused during compilation: '-sse3'
clang: warning: argument unused during compilation: '-ssse3'
configure:12474: $? = 0
configure:12475: result: yes
configure:12498: checking if compiler accepts '-fno-common'
configure:12511: gcc -c -fno-common -L/usr/local/lib -I/usr/local/include -Os -sse3 -ssse3 -fno-strict-aliasing -fno-common -dynamic    -g -DNDEBUG -g -fwrapv -O3  -Wstrict-prototypes -arch i386 -arch x86_64 -Wall -Wextra -pedantic -Wcast-align  conftest.c >&5
clang: warning: argument unused during compilation: '-L/usr/local/lib'
clang: warning: argument unused during compilation: '-sse3'
clang: warning: argument unused during compilation: '-ssse3'
configure:12511: $? = 0
configure:12512: result: yes
configure:12535: checking if compiler accepts '-fvisibility=hidden'
configure:12548: gcc -c -fvisibility=hidden -L/usr/local/lib -I/usr/local/include -Os -sse3 -ssse3 -fno-strict-aliasing -fno-common -dynamic    -g -DNDEBUG -g -fwrapv -O3  -Wstrict-prototypes -arch i386 -arch x86_64 -Wall -Wextra -pedantic -Wcast-align  conftest.c >&5
clang: warning: argument unused during compilation: '-L/usr/local/lib'
clang: warning: argument unused during compilation: '-sse3'
clang: warning: argument unused during compilation: '-ssse3'
configure:12548: $? = 0
configure:12549: result: yes
configure:12571: checking if linker accepts '-no-undefined'
configure:12584: gcc -o conftest -L/usr/local/lib -I/usr/local/include -Os -sse3 -ssse3 -fno-strict-aliasing -fno-common -dynamic    -g -DNDEBUG -g -fwrapv -O3  -Wstrict-prototypes -arch i386 -arch x86_64 -Wall -Wextra -pedantic -Wcast-align -fvisibility=hidden  -no-undefined -L/usr/local/lib     -g -arch i386 -arch x86_64 conftest.c  >&5
clang: warning: argument unused during compilation: '-sse3'
clang: warning: argument unused during compilation: '-ssse3'
clang: warning: argument unused during compilation: '-no-undefined'
configure:12584: $? = 0
configure:12585: result: yes
configure:12760: checking for Python with 'json'
configure:12796: result: /Users/asksol/.virtualenvs/def/bin/python
configure:12798: checking for Python with 'simplejson'
configure:12834: result: /Users/asksol/.virtualenvs/def/bin/python
configure:13160: checking that generated files are newer than configure
configure:13166: result: done
configure:13206: creating ./config.status

## ---------------------- ##
## Running config.status. ##
## ---------------------- ##

This file was extended by rabbitmq-c config.status 0.2.0, which was
generated by GNU Autoconf 2.69.  Invocation command line was

  CONFIG_FILES    = 
  CONFIG_HEADERS  = 
  CONFIG_LINKS    = 
  CONFIG_COMMANDS = 
  $ ./config.status 

on unitron.local

config.status:1104: creating librabbitmq.pc
config.status:1104: creating Makefile
config.status:1104: creating config.h
config.status:1333: executing depfiles commands
config.status:1333: executing libtool commands
configure:15444: result:
rabbitmq-c build options:
	Host: x86_64-apple-darwin13.0.0
	Version: 0.2.0
	64-bit: no
	Tools: no
	Documentation: no


## ---------------- ##
## Cache variables. ##
## ---------------- ##

ac_cv_build=x86_64-apple-darwin13.0.0
ac_cv_c_bigendian=universal
ac_cv_c_compiler_gnu=yes
ac_cv_c_inline=inline
ac_cv_env_CC_set=
ac_cv_env_CC_value=
ac_cv_env_CFLAGS_set=set
ac_cv_env_CFLAGS_value='-L/usr/local/lib -I/usr/local/include -Os -sse3 -ssse3 -fno-strict-aliasing -fno-common -dynamic    -g -DNDEBUG -g -fwrapv -O3  -Wstrict-prototypes -arch i386 -arch x86_64'
ac_cv_env_CPPFLAGS_set=
ac_cv_env_CPPFLAGS_value=
ac_cv_env_CPP_set=
ac_cv_env_CPP_value=
ac_cv_env_LDFLAGS_set=set
ac_cv_env_LDFLAGS_value='-L/usr/local/lib     -g -arch i386 -arch x86_64'
ac_cv_env_LIBS_set=
ac_cv_env_LIBS_value=
ac_cv_env_POPT_CFLAGS_set=
ac_cv_env_POPT_CFLAGS_value=
ac_cv_env_POPT_LIBS_set=
ac_cv_env_POPT_LIBS_value=
ac_cv_env_XMLTO_set=
ac_cv_env_XMLTO_value=
ac_cv_env_build_alias_set=
ac_cv_env_build_alias_value=
ac_cv_env_host_alias_set=
ac_cv_env_host_alias_value=
ac_cv_env_target_alias_set=
ac_cv_env_target_alias_value=
ac_cv_header_dlfcn_h=yes
ac_cv_header_inttypes_h=yes
ac_cv_header_memory_h=yes
ac_cv_header_minix_config_h=no
ac_cv_header_stdc=yes
ac_cv_header_stdint_h=yes
ac_cv_header_stdlib_h=yes
ac_cv_header_string_h=yes
ac_cv_header_strings_h=yes
ac_cv_header_sys_stat_h=yes
ac_cv_header_sys_types_h=yes
ac_cv_header_unistd_h=yes
ac_cv_host=x86_64-apple-darwin13.0.0
ac_cv_objext=o
ac_cv_path_EGREP='/usr/bin/grep -E'
ac_cv_path_FGREP='/usr/bin/grep -F'
ac_cv_path_GREP=/usr/bin/grep
ac_cv_path_PYTHON=/Users/asksol/.virtualenvs/def/bin/python
ac_cv_path_SED=/usr/bin/sed
ac_cv_path_install='/usr/local/bin/ginstall -c'
ac_cv_path_mkdir=/usr/local/bin/gmkdir
ac_cv_prog_AWK=awk
ac_cv_prog_CPP='gcc -E'
ac_cv_prog_ac_ct_AR=ar
ac_cv_prog_ac_ct_CC=gcc
ac_cv_prog_ac_ct_DSYMUTIL=dsymutil
ac_cv_prog_ac_ct_LIPO=lipo
ac_cv_prog_ac_ct_NMEDIT=nmedit
ac_cv_prog_ac_ct_OTOOL=otool
ac_cv_prog_ac_ct_RANLIB=ranlib
ac_cv_prog_ac_ct_STRIP=strip
ac_cv_prog_cc_c89=
ac_cv_prog_cc_c99=
ac_cv_prog_cc_g=yes
ac_cv_prog_make_make_set=yes
ac_cv_safe_to_define___extensions__=yes
am_cv_CC_dependencies_compiler_type=none
am_cv_make_support_nested_variables=yes
am_cv_prog_cc_c_o=yes
lt_cv_apple_cc_single_mod=yes
lt_cv_ar_at_file=no
lt_cv_deplibs_check_method=pass_all
lt_cv_file_magic_cmd='$MAGIC_CMD'
lt_cv_file_magic_test_file=
lt_cv_ld_exported_symbols_list=yes
lt_cv_ld_force_load=yes
lt_cv_ld_reload_flag=-r
lt_cv_nm_interface='BSD nm'
lt_cv_objdir=.libs
lt_cv_path_LD=/Applications/Xcode.app/Contents/Developer/Toolchains/XcodeDefault.xctoolchain/usr/bin/ld
lt_cv_path_NM=/usr/bin/nm
lt_cv_path_mainfest_tool=no
lt_cv_prog_compiler_c_o=yes
lt_cv_prog_compiler_pic='-fno-common -DPIC'
lt_cv_prog_compiler_pic_works=yes
lt_cv_prog_compiler_rtti_exceptions=yes
lt_cv_prog_compiler_static_works=no
lt_cv_prog_gnu_ld=no
lt_cv_sharedlib_from_linklib_cmd='printf %s\n'
lt_cv_sys_global_symbol_pipe='sed -n -e '\''s/^.*[	 ]\([BCDEGRST][BCDEGRST]*\)[	 ][	 ]*_\([_A-Za-z][_A-Za-z0-9]*\)$/\1 _\2 \2/p'\'' | sed '\''/ __gnu_lto/d'\'''
lt_cv_sys_global_symbol_to_c_name_address='sed -n -e '\''s/^: \([^ ]*\)[ ]*$/  {\"\1\", (void *) 0},/p'\'' -e '\''s/^[BCDEGRST]* \([^ ]*\) \([^ ]*\)$/  {"\2", (void *) \&\2},/p'\'''
lt_cv_sys_global_symbol_to_c_name_address_lib_prefix='sed -n -e '\''s/^: \([^ ]*\)[ ]*$/  {\"\1\", (void *) 0},/p'\'' -e '\''s/^[BCDEGRST]* \([^ ]*\) \(lib[^ ]*\)$/  {"\2", (void *) \&\2},/p'\'' -e '\''s/^[BCDEGRST]* \([^ ]*\) \([^ ]*\)$/  {"lib\2", (void *) \&\2},/p'\'''
lt_cv_sys_global_symbol_to_cdecl='sed -n -e '\''s/^T .* \(.*\)$/extern int \1();/p'\'' -e '\''s/^[BCDEGRST]* .* \(.*\)$/extern char \1;/p'\'''
lt_cv_sys_max_cmd_len=196608
lt_cv_to_host_file_cmd=func_convert_file_noop
lt_cv_to_tool_file_cmd=func_convert_file_noop

## ----------------- ##
## Output variables. ##
## ----------------- ##

ACLOCAL='${SHELL} /opt/devel/librabbitmq/clib/missing aclocal-1.14'
AMDEPBACKSLASH=''
AMDEP_FALSE=''
AMDEP_TRUE='#'
AMTAR='$${TAR-tar}'
AM_BACKSLASH='\'
AM_DEFAULT_V='$(AM_DEFAULT_VERBOSITY)'
AM_DEFAULT_VERBOSITY='0'
AM_V='$(V)'
AR='ar'
AS='as'
AUTOCONF='${SHELL} /opt/devel/librabbitmq/clib/missing autoconf'
AUTOHEADER='${SHELL} /opt/devel/librabbitmq/clib/missing autoheader'
AUTOMAKE='${SHELL} /opt/devel/librabbitmq/clib/missing automake-1.14'
AWK='awk'
CC='gcc'
CCDEPMODE='depmode=none'
CFLAGS='-L/usr/local/lib -I/usr/local/include -Os -sse3 -ssse3 -fno-strict-aliasing -fno-common -dynamic    -g -DNDEBUG -g -fwrapv -O3  -Wstrict-prototypes -arch i386 -arch x86_64 -Wall -Wextra -pedantic -Wcast-align -fvisibility=hidden'
CPP='gcc -E'
CPPFLAGS=''
CYGPATH_W='echo'
DEFS='-DHAVE_CONFIG_H'
DEPDIR='.deps'
DLLTOOL='false'
DOCS_FALSE=''
DOCS_TRUE='#'
DSYMUTIL='dsymutil'
DUMPBIN=''
ECHO_C='\c'
ECHO_N=''
ECHO_T=''
EGREP='/usr/bin/grep -E'
EXEEXT=''
FGREP='/usr/bin/grep -F'
GREP='/usr/bin/grep'
INSTALL_DATA='${INSTALL} -m 644'
INSTALL_PROGRAM='${INSTALL}'
INSTALL_SCRIPT='${INSTALL}'
INSTALL_STRIP_PROGRAM='$(install_sh) -c -s'
LD='/Applications/Xcode.app/Contents/Developer/Toolchains/XcodeDefault.xctoolchain/usr/bin/ld'
LDFLAGS='-L/usr/local/lib     -g -arch i386 -arch x86_64'
LIBOBJS=''
LIBS=''
LIBTOOL='$(SHELL) $(top_builddir)/libtool'
LIPO='lipo'
LN_S='ln -s'
LTLIBOBJS=''
LT_AGE='2'
LT_CURRENT='2'
LT_REVISION='0'
MAKEINFO='${SHELL} /opt/devel/librabbitmq/clib/missing makeinfo'
MANIFEST_TOOL=':'
MKDIR_P='/usr/local/bin/gmkdir -p'
NM='/usr/bin/nm'
NMEDIT='nmedit'
NO_UNDEFINED='-no-undefined'
OBJDUMP='false'
OBJEXT='o'
OS_UNIX_FALSE='#'
OS_UNIX_TRUE=''
OS_WIN32_FALSE=''
OS_WIN32_TRUE='#'
OTOOL64=':'
OTOOL='otool'
PACKAGE='librabbitmq'
PACKAGE_BUGREPORT='https://github.com/alanxz/rabbitmq-c/issues'
PACKAGE_NAME='rabbitmq-c'
PACKAGE_STRING='rabbitmq-c 0.2.0'
PACKAGE_TARNAME='librabbitmq'
PACKAGE_URL='http://www.rabbitmq.com/'
PACKAGE_VERSION='0.2.0'
PATH_SEPARATOR=':'
POPT_CFLAGS=''
POPT_LIBS=''
PYTHON='/Users/asksol/.virtualenvs/def/bin/python'
RANLIB='ranlib'
SED='/usr/bin/sed'
SET_MAKE=''
SHELL='/bin/sh'
STRIP='strip'
TOOLS_FALSE=''
TOOLS_TRUE='#'
VERSION='0.2.0'
XMLTO=''
ac_ct_AR='ar'
ac_ct_CC='gcc'
ac_ct_DUMPBIN=''
am__EXEEXT_FALSE=''
am__EXEEXT_TRUE='#'
am__fastdepCC_FALSE=''
am__fastdepCC_TRUE='#'
am__include='include'
am__isrc=''
am__leading_dot='.'
am__nodep=''
am__quote=''
am__tar='$${TAR-tar} chof - "$$tardir"'
am__untar='$${TAR-tar} xf -'
bindir='${exec_prefix}/bin'
build='x86_64-apple-darwin13.0.0'
build_alias=''
build_cpu='x86_64'
build_os='darwin13.0.0'
build_vendor='apple'
datadir='${datarootdir}'
datarootdir='${prefix}/share'
docdir='${datarootdir}/doc/${PACKAGE_TARNAME}'
dvidir='${docdir}'
exec_prefix='${prefix}'
host='x86_64-apple-darwin13.0.0'
host_alias=''
host_cpu='x86_64'
host_os='darwin13.0.0'
host_vendor='apple'
htmldir='${docdir}'
includedir='${prefix}/include'
infodir='${datarootdir}/info'
install_sh='${SHELL} /opt/devel/librabbitmq/clib/install-sh'
libdir='${exec_prefix}/lib'
libexecdir='${exec_prefix}/libexec'
localedir='${datarootdir}/locale'
localstatedir='${prefix}/var'
mandir='${datarootdir}/man'
mkdir_p='$(MKDIR_P)'
oldincludedir='/usr/include'
pdfdir='${docdir}'
prefix='/usr/local'
program_transform_name='s,x,x,'
psdir='${docdir}'
sbindir='${exec_prefix}/sbin'
sharedstatedir='${prefix}/com'
sysconfdir='${prefix}/etc'
target_alias=''

## ----------- ##
## confdefs.h. ##
## ----------- ##

/* confdefs.h */
#define PACKAGE_NAME "rabbitmq-c"
#define PACKAGE_TARNAME "librabbitmq"
#define PACKAGE_VERSION "0.2.0"
#define PACKAGE_STRING "rabbitmq-c 0.2.0"
#define PACKAGE_BUGREPORT "https://github.com/alanxz/rabbitmq-c/issues"
#define PACKAGE_URL "http://www.rabbitmq.com/"
#define PACKAGE "librabbitmq"
#define VERSION "0.2.0"
#define STDC_HEADERS 1
#define HAVE_SYS_TYPES_H 1
#define HAVE_SYS_STAT_H 1
#define HAVE_STDLIB_H 1
#define HAVE_STRING_H 1
#define HAVE_MEMORY_H 1
#define HAVE_STRINGS_H 1
#define HAVE_INTTYPES_H 1
#define HAVE_STDINT_H 1
#define HAVE_UNISTD_H 1
#define __EXTENSIONS__ 1
#define _ALL_SOURCE 1
#define _GNU_SOURCE 1
#define _POSIX_PTHREAD_SEMANTICS 1
#define _TANDEM_SOURCE 1
#define HAVE_DLFCN_H 1
#define LT_OBJDIR ".libs/"
#define AC_APPLE_UNIVERSAL_BUILD 1

configure: exit 0
